mode: set
github.com/arckadious/fizzbuzz/action/fizz/fizz.go:21.41,23.2 1 1
github.com/arckadious/fizzbuzz/action/fizz/fizz.go:26.74,34.16 5 1
github.com/arckadious/fizzbuzz/action/fizz/fizz.go:40.2,40.60 1 1
github.com/arckadious/fizzbuzz/action/fizz/fizz.go:45.2,45.29 1 1
github.com/arckadious/fizzbuzz/action/fizz/fizz.go:34.16,37.3 2 1
github.com/arckadious/fizzbuzz/action/fizz/fizz.go:40.60,43.3 2 1
github.com/arckadious/fizzbuzz/action/fizz/fizz.go:50.80,52.2 1 0
github.com/arckadious/fizzbuzz/config/config.go:36.51,43.16 4 1
github.com/arckadious/fizzbuzz/config/config.go:47.2,52.12 4 1
github.com/arckadious/fizzbuzz/config/config.go:43.16,45.3 1 0
github.com/arckadious/fizzbuzz/config/config.go:56.39,59.2 1 1
github.com/arckadious/fizzbuzz/config/config.go:62.43,63.22 1 1
github.com/arckadious/fizzbuzz/config/config.go:63.22,65.3 1 1
github.com/arckadious/fizzbuzz/config/config.go:69.80,82.16 4 1
github.com/arckadious/fizzbuzz/config/config.go:85.2,88.16 3 1
github.com/arckadious/fizzbuzz/config/config.go:93.2,94.16 2 1
github.com/arckadious/fizzbuzz/config/config.go:97.2,101.16 3 1
github.com/arckadious/fizzbuzz/config/config.go:108.2,108.26 1 1
github.com/arckadious/fizzbuzz/config/config.go:121.2,121.43 1 1
github.com/arckadious/fizzbuzz/config/config.go:125.2,125.8 1 1
github.com/arckadious/fizzbuzz/config/config.go:82.16,84.3 1 1
github.com/arckadious/fizzbuzz/config/config.go:88.16,90.3 1 1
github.com/arckadious/fizzbuzz/config/config.go:94.16,96.3 1 0
github.com/arckadious/fizzbuzz/config/config.go:101.16,103.3 1 1
github.com/arckadious/fizzbuzz/config/config.go:103.8,105.3 1 0
github.com/arckadious/fizzbuzz/config/config.go:108.26,110.3 1 1
github.com/arckadious/fizzbuzz/config/config.go:110.8,114.17 4 1
github.com/arckadious/fizzbuzz/config/config.go:117.3,117.24 1 1
github.com/arckadious/fizzbuzz/config/config.go:114.17,116.4 1 0
github.com/arckadious/fizzbuzz/config/config.go:121.43,123.3 1 1
github.com/arckadious/fizzbuzz/model/endpoint.go:29.43,30.18 1 1
github.com/arckadious/fizzbuzz/model/endpoint.go:34.2,35.39 2 1
github.com/arckadious/fizzbuzz/model/endpoint.go:39.2,39.77 1 1
github.com/arckadious/fizzbuzz/model/endpoint.go:30.18,33.3 2 1
github.com/arckadious/fizzbuzz/model/endpoint.go:35.39,37.3 1 1
github.com/arckadious/fizzbuzz/container/container.go:32.90,43.2 4 1
github.com/arckadious/fizzbuzz/container/container.go:45.45,62.2 5 1
github.com/arckadious/fizzbuzz/container/container.go:64.54,67.2 2 1
github.com/arckadious/fizzbuzz/database/db.go:25.33,32.16 4 1
github.com/arckadious/fizzbuzz/database/db.go:36.2,36.18 1 1
github.com/arckadious/fizzbuzz/database/db.go:32.16,34.3 1 0
github.com/arckadious/fizzbuzz/database/db.go:41.38,43.16 2 1
github.com/arckadious/fizzbuzz/database/db.go:46.2,46.23 1 1
github.com/arckadious/fizzbuzz/database/db.go:43.16,45.3 1 0
github.com/arckadious/fizzbuzz/database/db.go:50.26,51.27 1 1
github.com/arckadious/fizzbuzz/database/db.go:51.27,53.17 2 1
github.com/arckadious/fizzbuzz/database/db.go:57.3,57.49 1 1
github.com/arckadious/fizzbuzz/database/db.go:53.17,56.4 2 0
github.com/arckadious/fizzbuzz/database/db.go:62.58,73.16 3 1
github.com/arckadious/fizzbuzz/database/db.go:77.2,78.16 2 1
github.com/arckadious/fizzbuzz/database/db.go:82.2,86.8 4 1
github.com/arckadious/fizzbuzz/database/db.go:73.16,75.3 1 0
github.com/arckadious/fizzbuzz/database/db.go:78.16,80.3 1 0
github.com/arckadious/fizzbuzz/manager/fizz.go:24.63,29.2 1 1
github.com/arckadious/fizzbuzz/manager/fizz.go:32.69,37.36 3 1
github.com/arckadious/fizzbuzz/manager/fizz.go:54.2,56.42 2 1
github.com/arckadious/fizzbuzz/manager/fizz.go:37.36,39.44 2 1
github.com/arckadious/fizzbuzz/manager/fizz.go:46.3,46.17 1 1
github.com/arckadious/fizzbuzz/manager/fizz.go:39.44,40.28 1 1
github.com/arckadious/fizzbuzz/manager/fizz.go:40.28,42.5 1 1
github.com/arckadious/fizzbuzz/manager/fizz.go:46.17,48.4 1 1
github.com/arckadious/fizzbuzz/manager/fizz.go:48.9,50.4 1 1
github.com/arckadious/fizzbuzz/manager/fizz.go:60.56,65.16 3 1
github.com/arckadious/fizzbuzz/manager/fizz.go:75.2,77.16 3 1
github.com/arckadious/fizzbuzz/manager/fizz.go:83.2,83.59 1 1
github.com/arckadious/fizzbuzz/manager/fizz.go:88.2,88.80 1 1
github.com/arckadious/fizzbuzz/manager/fizz.go:65.16,66.13 1 1
github.com/arckadious/fizzbuzz/manager/fizz.go:71.3,72.9 2 0
github.com/arckadious/fizzbuzz/manager/fizz.go:66.13,70.4 3 1
github.com/arckadious/fizzbuzz/manager/fizz.go:77.16,80.3 2 1
github.com/arckadious/fizzbuzz/manager/fizz.go:83.59,86.3 2 1
github.com/arckadious/fizzbuzz/manager/manager.go:21.132,23.2 1 1
github.com/arckadious/fizzbuzz/manager/manager.go:26.57,28.2 1 1
github.com/arckadious/fizzbuzz/manager/manager.go:31.54,33.2 1 1
github.com/arckadious/fizzbuzz/response/apiresponse.go:26.98,33.2 1 1
github.com/arckadious/fizzbuzz/response/apiresponse.go:36.64,39.2 2 1
github.com/arckadious/fizzbuzz/response/apiresponse.go:42.92,47.2 4 1
github.com/arckadious/fizzbuzz/response/apiresponse.go:50.66,54.16 4 1
github.com/arckadious/fizzbuzz/response/apiresponse.go:57.2,57.15 1 1
github.com/arckadious/fizzbuzz/response/apiresponse.go:54.16,56.3 1 0
github.com/arckadious/fizzbuzz/server/handler.go:14.67,27.2 2 0
github.com/arckadious/fizzbuzz/server/handler.go:30.50,42.2 1 0
github.com/arckadious/fizzbuzz/server/handler.go:45.58,57.2 1 0
github.com/arckadious/fizzbuzz/server/middleware.go:17.43,18.30 1 0
github.com/arckadious/fizzbuzz/server/middleware.go:18.30,24.17 3 0
github.com/arckadious/fizzbuzz/server/middleware.go:30.3,32.142 3 0
github.com/arckadious/fizzbuzz/server/middleware.go:37.3,39.13 2 0
github.com/arckadious/fizzbuzz/server/middleware.go:46.3,53.13 6 0
github.com/arckadious/fizzbuzz/server/middleware.go:24.17,27.4 2 0
github.com/arckadious/fizzbuzz/server/middleware.go:32.142,34.4 1 0
github.com/arckadious/fizzbuzz/server/middleware.go:39.13,40.163 1 0
github.com/arckadious/fizzbuzz/server/middleware.go:40.163,42.5 1 0
github.com/arckadious/fizzbuzz/server/middleware.go:53.13,54.116 1 0
github.com/arckadious/fizzbuzz/server/middleware.go:54.116,56.5 1 0
github.com/arckadious/fizzbuzz/server/server.go:37.53,40.2 2 0
github.com/arckadious/fizzbuzz/server/server.go:48.46,52.2 1 0
github.com/arckadious/fizzbuzz/server/server.go:55.24,72.12 3 0
github.com/arckadious/fizzbuzz/server/server.go:79.2,95.32 9 0
github.com/arckadious/fizzbuzz/server/server.go:72.12,73.80 1 0
github.com/arckadious/fizzbuzz/server/server.go:73.80,75.4 1 0
github.com/arckadious/fizzbuzz/server/server.go:99.40,110.49 5 0
github.com/arckadious/fizzbuzz/server/server.go:115.2,118.44 2 0
github.com/arckadious/fizzbuzz/server/server.go:121.2,121.49 1 0
github.com/arckadious/fizzbuzz/server/server.go:125.2,125.15 1 0
github.com/arckadious/fizzbuzz/server/server.go:110.49,112.3 1 0
github.com/arckadious/fizzbuzz/server/server.go:118.44,120.3 1 0
github.com/arckadious/fizzbuzz/server/server.go:121.49,123.3 1 0
github.com/arckadious/fizzbuzz/server/server.go:130.45,133.41 2 0
github.com/arckadious/fizzbuzz/server/server.go:137.2,143.15 5 0
github.com/arckadious/fizzbuzz/server/server.go:133.41,135.3 1 0
github.com/arckadious/fizzbuzz/util/util.go:16.45,19.16 3 1
github.com/arckadious/fizzbuzz/util/util.go:24.2,24.8 1 1
github.com/arckadious/fizzbuzz/util/util.go:19.16,21.3 1 0
github.com/arckadious/fizzbuzz/util/util.go:21.8,23.3 1 1
github.com/arckadious/fizzbuzz/util/util.go:28.60,29.14 1 1
github.com/arckadious/fizzbuzz/util/util.go:33.2,34.16 2 1
github.com/arckadious/fizzbuzz/util/util.go:37.2,38.8 2 1
github.com/arckadious/fizzbuzz/util/util.go:29.14,32.3 2 1
github.com/arckadious/fizzbuzz/util/util.go:34.16,36.3 1 1
github.com/arckadious/fizzbuzz/util/util.go:42.37,46.2 3 1
github.com/arckadious/fizzbuzz/repository/fizz.go:18.38,23.2 1 1
github.com/arckadious/fizzbuzz/repository/fizz.go:26.85,29.26 2 1
github.com/arckadious/fizzbuzz/repository/fizz.go:33.2,33.8 1 1
github.com/arckadious/fizzbuzz/repository/fizz.go:29.26,31.3 1 1
github.com/arckadious/fizzbuzz/repository/repository.go:23.39,25.2 1 1
github.com/arckadious/fizzbuzz/repository/repository.go:28.93,29.17 1 1
github.com/arckadious/fizzbuzz/repository/repository.go:33.2,37.34 4 1
github.com/arckadious/fizzbuzz/repository/repository.go:50.2,51.16 2 1
github.com/arckadious/fizzbuzz/repository/repository.go:54.2,54.8 1 1
github.com/arckadious/fizzbuzz/repository/repository.go:29.17,31.3 1 1
github.com/arckadious/fizzbuzz/repository/repository.go:38.17,41.8 3 1
github.com/arckadious/fizzbuzz/repository/repository.go:42.18,45.8 3 1
github.com/arckadious/fizzbuzz/repository/repository.go:46.10,47.71 1 1
github.com/arckadious/fizzbuzz/repository/repository.go:51.16,53.3 1 1
