mode: set
github.com/arckadious/fizzbuzz/config/config.go:35.51,42.16 4 1
github.com/arckadious/fizzbuzz/config/config.go:46.2,51.12 4 1
github.com/arckadious/fizzbuzz/config/config.go:42.16,44.3 1 0
github.com/arckadious/fizzbuzz/config/config.go:54.39,57.2 1 1
github.com/arckadious/fizzbuzz/config/config.go:59.43,60.22 1 1
github.com/arckadious/fizzbuzz/config/config.go:60.22,62.3 1 1
github.com/arckadious/fizzbuzz/config/config.go:66.80,78.16 4 1
github.com/arckadious/fizzbuzz/config/config.go:81.2,84.16 3 1
github.com/arckadious/fizzbuzz/config/config.go:89.2,90.16 2 1
github.com/arckadious/fizzbuzz/config/config.go:93.2,97.16 3 1
github.com/arckadious/fizzbuzz/config/config.go:104.2,104.26 1 1
github.com/arckadious/fizzbuzz/config/config.go:117.2,117.43 1 1
github.com/arckadious/fizzbuzz/config/config.go:121.2,121.8 1 1
github.com/arckadious/fizzbuzz/config/config.go:78.16,80.3 1 1
github.com/arckadious/fizzbuzz/config/config.go:84.16,86.3 1 1
github.com/arckadious/fizzbuzz/config/config.go:90.16,92.3 1 0
github.com/arckadious/fizzbuzz/config/config.go:97.16,99.3 1 1
github.com/arckadious/fizzbuzz/config/config.go:99.8,101.3 1 0
github.com/arckadious/fizzbuzz/config/config.go:104.26,106.3 1 1
github.com/arckadious/fizzbuzz/config/config.go:106.8,110.17 4 1
github.com/arckadious/fizzbuzz/config/config.go:113.3,113.24 1 1
github.com/arckadious/fizzbuzz/config/config.go:110.17,112.4 1 0
github.com/arckadious/fizzbuzz/config/config.go:117.43,119.3 1 1
github.com/arckadious/fizzbuzz/database/database.go:13.37,22.16 3 1
github.com/arckadious/fizzbuzz/database/database.go:26.2,27.16 2 1
github.com/arckadious/fizzbuzz/database/database.go:31.2,35.11 4 1
github.com/arckadious/fizzbuzz/database/database.go:22.16,24.3 1 0
github.com/arckadious/fizzbuzz/database/database.go:27.16,29.3 1 0
github.com/arckadious/fizzbuzz/action/fizz/fizz.go:16.51,18.2 1 0
github.com/arckadious/fizzbuzz/action/fizz/fizz.go:20.74,28.16 5 0
github.com/arckadious/fizzbuzz/action/fizz/fizz.go:34.2,34.60 1 0
github.com/arckadious/fizzbuzz/action/fizz/fizz.go:39.2,39.29 1 0
github.com/arckadious/fizzbuzz/action/fizz/fizz.go:28.16,31.3 2 0
github.com/arckadious/fizzbuzz/action/fizz/fizz.go:34.60,37.3 2 0
github.com/arckadious/fizzbuzz/action/fizz/fizz.go:43.80,45.2 1 0
github.com/arckadious/fizzbuzz/repository/fizz.go:11.58,16.2 1 0
github.com/arckadious/fizzbuzz/repository/fizz.go:17.95,20.26 2 0
github.com/arckadious/fizzbuzz/repository/fizz.go:24.2,24.8 1 0
github.com/arckadious/fizzbuzz/repository/fizz.go:20.26,22.3 1 0
github.com/arckadious/fizzbuzz/repository/repository.go:18.44,20.2 1 0
github.com/arckadious/fizzbuzz/repository/repository.go:22.81,23.85 1 0
github.com/arckadious/fizzbuzz/repository/repository.go:31.2,35.34 4 0
github.com/arckadious/fizzbuzz/repository/repository.go:49.2,50.16 2 0
github.com/arckadious/fizzbuzz/repository/repository.go:23.85,26.3 2 0
github.com/arckadious/fizzbuzz/repository/repository.go:26.8,26.24 1 0
github.com/arckadious/fizzbuzz/repository/repository.go:26.24,29.3 2 0
github.com/arckadious/fizzbuzz/repository/repository.go:36.17,39.8 3 0
github.com/arckadious/fizzbuzz/repository/repository.go:40.18,43.8 3 0
github.com/arckadious/fizzbuzz/repository/repository.go:44.10,46.9 2 0
github.com/arckadious/fizzbuzz/repository/repository.go:50.16,53.3 2 0
github.com/arckadious/fizzbuzz/model/model.go:24.43,25.18 1 1
github.com/arckadious/fizzbuzz/model/model.go:29.2,30.39 2 1
github.com/arckadious/fizzbuzz/model/model.go:34.2,34.77 1 1
github.com/arckadious/fizzbuzz/model/model.go:25.18,28.3 2 1
github.com/arckadious/fizzbuzz/model/model.go:30.39,32.3 1 1
github.com/arckadious/fizzbuzz/response/apiresponse.go:34.71,40.2 1 0
github.com/arckadious/fizzbuzz/response/apiresponse.go:43.35,45.2 1 0
github.com/arckadious/fizzbuzz/response/apiresponse.go:48.109,55.2 1 0
github.com/arckadious/fizzbuzz/response/apiresponse.go:58.68,61.2 2 0
github.com/arckadious/fizzbuzz/response/apiresponse.go:64.63,67.2 2 0
github.com/arckadious/fizzbuzz/response/apiresponse.go:70.64,73.2 2 0
github.com/arckadious/fizzbuzz/response/apiresponse.go:76.76,79.2 2 0
github.com/arckadious/fizzbuzz/response/apiresponse.go:82.111,87.2 4 0
github.com/arckadious/fizzbuzz/response/apiresponse.go:90.81,93.2 2 0
github.com/arckadious/fizzbuzz/response/apiresponse.go:96.80,99.2 2 0
github.com/arckadious/fizzbuzz/response/apiresponse.go:102.79,105.2 2 0
github.com/arckadious/fizzbuzz/response/apiresponse.go:108.90,111.2 2 0
github.com/arckadious/fizzbuzz/response/apiresponse.go:114.55,116.2 1 0
github.com/arckadious/fizzbuzz/response/apiresponse.go:119.96,121.2 1 0
github.com/arckadious/fizzbuzz/response/apiresponse.go:123.100,127.2 3 0
github.com/arckadious/fizzbuzz/response/apiresponse.go:130.66,135.2 4 0
github.com/arckadious/fizzbuzz/manager/manager.go:20.124,22.2 1 0
github.com/arckadious/fizzbuzz/manager/manager.go:25.57,27.2 1 0
github.com/arckadious/fizzbuzz/manager/manager.go:29.54,31.2 1 0
github.com/arckadious/fizzbuzz/manager/manager.go:34.45,36.2 1 0
github.com/arckadious/fizzbuzz/manager/fizz.go:21.65,26.2 1 0
github.com/arckadious/fizzbuzz/manager/fizz.go:28.69,33.36 3 0
github.com/arckadious/fizzbuzz/manager/fizz.go:50.2,52.42 2 0
github.com/arckadious/fizzbuzz/manager/fizz.go:33.36,35.44 2 0
github.com/arckadious/fizzbuzz/manager/fizz.go:42.3,42.17 1 0
github.com/arckadious/fizzbuzz/manager/fizz.go:35.44,36.28 1 0
github.com/arckadious/fizzbuzz/manager/fizz.go:36.28,38.5 1 0
github.com/arckadious/fizzbuzz/manager/fizz.go:42.17,44.4 1 0
github.com/arckadious/fizzbuzz/manager/fizz.go:44.9,46.4 1 0
github.com/arckadious/fizzbuzz/manager/fizz.go:55.56,60.16 3 0
github.com/arckadious/fizzbuzz/manager/fizz.go:69.2,71.16 3 0
github.com/arckadious/fizzbuzz/manager/fizz.go:77.2,77.80 1 0
github.com/arckadious/fizzbuzz/manager/fizz.go:60.16,61.13 1 0
github.com/arckadious/fizzbuzz/manager/fizz.go:65.3,66.9 2 0
github.com/arckadious/fizzbuzz/manager/fizz.go:61.13,64.4 2 0
github.com/arckadious/fizzbuzz/manager/fizz.go:71.16,74.3 2 0
github.com/arckadious/fizzbuzz/container/container.go:28.73,38.2 4 1
github.com/arckadious/fizzbuzz/container/container.go:41.45,58.2 5 1
github.com/arckadious/fizzbuzz/container/container.go:60.39,63.2 2 1
github.com/arckadious/fizzbuzz/util/util.go:14.46,17.16 3 1
github.com/arckadious/fizzbuzz/util/util.go:22.2,22.8 1 1
github.com/arckadious/fizzbuzz/util/util.go:17.16,19.3 1 0
github.com/arckadious/fizzbuzz/util/util.go:19.8,21.3 1 1
github.com/arckadious/fizzbuzz/util/util.go:25.60,26.14 1 1
github.com/arckadious/fizzbuzz/util/util.go:30.2,31.16 2 1
github.com/arckadious/fizzbuzz/util/util.go:34.2,35.8 2 1
github.com/arckadious/fizzbuzz/util/util.go:26.14,29.3 2 1
github.com/arckadious/fizzbuzz/util/util.go:31.16,33.3 1 1
github.com/arckadious/fizzbuzz/util/util.go:39.37,43.2 3 1
github.com/arckadious/fizzbuzz/server/server.go:36.53,39.2 2 0
github.com/arckadious/fizzbuzz/server/server.go:47.46,51.2 1 0
github.com/arckadious/fizzbuzz/server/server.go:54.24,71.12 3 0
github.com/arckadious/fizzbuzz/server/server.go:78.2,91.32 8 0
github.com/arckadious/fizzbuzz/server/server.go:71.12,72.80 1 0
github.com/arckadious/fizzbuzz/server/server.go:72.80,74.4 1 0
github.com/arckadious/fizzbuzz/server/server.go:94.40,99.41 3 0
github.com/arckadious/fizzbuzz/server/server.go:103.2,103.70 1 0
github.com/arckadious/fizzbuzz/server/server.go:107.2,107.54 1 0
github.com/arckadious/fizzbuzz/server/server.go:110.2,110.55 1 0
github.com/arckadious/fizzbuzz/server/server.go:115.2,121.49 4 0
github.com/arckadious/fizzbuzz/server/server.go:126.2,129.48 2 0
github.com/arckadious/fizzbuzz/server/server.go:132.2,132.53 1 0
github.com/arckadious/fizzbuzz/server/server.go:136.2,136.15 1 0
github.com/arckadious/fizzbuzz/server/server.go:99.41,101.3 1 0
github.com/arckadious/fizzbuzz/server/server.go:103.70,106.3 2 0
github.com/arckadious/fizzbuzz/server/server.go:107.54,109.3 1 0
github.com/arckadious/fizzbuzz/server/server.go:110.55,112.3 1 0
github.com/arckadious/fizzbuzz/server/server.go:121.49,123.3 1 0
github.com/arckadious/fizzbuzz/server/server.go:129.48,131.3 1 0
github.com/arckadious/fizzbuzz/server/server.go:132.53,134.3 1 0
github.com/arckadious/fizzbuzz/server/server.go:141.74,150.2 5 0
github.com/arckadious/fizzbuzz/server/server.go:153.79,164.2 6 0
github.com/arckadious/fizzbuzz/server/server.go:167.82,176.2 5 0
github.com/arckadious/fizzbuzz/server/server.go:179.43,180.30 1 0
github.com/arckadious/fizzbuzz/server/server.go:180.30,186.17 3 0
github.com/arckadious/fizzbuzz/server/server.go:192.3,194.150 3 0
github.com/arckadious/fizzbuzz/server/server.go:198.3,206.115 5 0
github.com/arckadious/fizzbuzz/server/server.go:186.17,189.4 2 0
github.com/arckadious/fizzbuzz/server/server.go:194.150,196.4 1 0
