mode: set
github.com/arckadious/fizzbuzz/repository/fizz.go:11.58,16.2 1 0
github.com/arckadious/fizzbuzz/repository/fizz.go:17.95,20.26 2 0
github.com/arckadious/fizzbuzz/repository/fizz.go:24.2,24.8 1 0
github.com/arckadious/fizzbuzz/repository/fizz.go:20.26,22.3 1 0
github.com/arckadious/fizzbuzz/repository/repository.go:18.44,20.2 1 0
github.com/arckadious/fizzbuzz/repository/repository.go:22.81,23.85 1 0
github.com/arckadious/fizzbuzz/repository/repository.go:31.2,35.34 4 0
github.com/arckadious/fizzbuzz/repository/repository.go:49.2,50.16 2 0
github.com/arckadious/fizzbuzz/repository/repository.go:23.85,26.3 2 0
github.com/arckadious/fizzbuzz/repository/repository.go:26.8,26.24 1 0
github.com/arckadious/fizzbuzz/repository/repository.go:26.24,29.3 2 0
github.com/arckadious/fizzbuzz/repository/repository.go:36.17,39.8 3 0
github.com/arckadious/fizzbuzz/repository/repository.go:40.18,43.8 3 0
github.com/arckadious/fizzbuzz/repository/repository.go:44.10,46.9 2 0
github.com/arckadious/fizzbuzz/repository/repository.go:50.16,53.3 2 0
github.com/arckadious/fizzbuzz/util/util.go:13.46,16.16 3 0
github.com/arckadious/fizzbuzz/util/util.go:21.2,21.8 1 0
github.com/arckadious/fizzbuzz/util/util.go:16.16,18.3 1 0
github.com/arckadious/fizzbuzz/util/util.go:18.8,20.3 1 0
github.com/arckadious/fizzbuzz/util/util.go:24.60,26.16 2 0
github.com/arckadious/fizzbuzz/util/util.go:29.2,30.8 2 0
github.com/arckadious/fizzbuzz/util/util.go:26.16,28.3 1 0
github.com/arckadious/fizzbuzz/util/util.go:34.37,38.2 3 0
github.com/arckadious/fizzbuzz/response/apiresponse.go:34.71,40.2 1 0
github.com/arckadious/fizzbuzz/response/apiresponse.go:43.35,45.2 1 0
github.com/arckadious/fizzbuzz/response/apiresponse.go:48.109,55.2 1 0
github.com/arckadious/fizzbuzz/response/apiresponse.go:58.68,61.2 2 0
github.com/arckadious/fizzbuzz/response/apiresponse.go:64.63,67.2 2 0
github.com/arckadious/fizzbuzz/response/apiresponse.go:70.64,73.2 2 0
github.com/arckadious/fizzbuzz/response/apiresponse.go:76.76,79.2 2 0
github.com/arckadious/fizzbuzz/response/apiresponse.go:82.111,87.2 4 0
github.com/arckadious/fizzbuzz/response/apiresponse.go:90.81,93.2 2 0
github.com/arckadious/fizzbuzz/response/apiresponse.go:96.80,99.2 2 0
github.com/arckadious/fizzbuzz/response/apiresponse.go:102.79,105.2 2 0
github.com/arckadious/fizzbuzz/response/apiresponse.go:108.90,111.2 2 0
github.com/arckadious/fizzbuzz/response/apiresponse.go:114.55,116.2 1 0
github.com/arckadious/fizzbuzz/response/apiresponse.go:119.96,121.2 1 0
github.com/arckadious/fizzbuzz/response/apiresponse.go:123.100,127.2 3 0
github.com/arckadious/fizzbuzz/response/apiresponse.go:130.66,135.2 4 0
github.com/arckadious/fizzbuzz/database/database.go:13.37,22.16 3 0
github.com/arckadious/fizzbuzz/database/database.go:26.2,27.16 2 0
github.com/arckadious/fizzbuzz/database/database.go:31.2,35.11 4 0
github.com/arckadious/fizzbuzz/database/database.go:22.16,24.3 1 0
github.com/arckadious/fizzbuzz/database/database.go:27.16,29.3 1 0
github.com/arckadious/fizzbuzz/manager/manager.go:20.124,22.2 1 0
github.com/arckadious/fizzbuzz/manager/manager.go:25.57,27.2 1 0
github.com/arckadious/fizzbuzz/manager/manager.go:29.54,31.2 1 0
github.com/arckadious/fizzbuzz/manager/manager.go:34.45,36.2 1 0
github.com/arckadious/fizzbuzz/manager/fizz.go:21.65,26.2 1 0
github.com/arckadious/fizzbuzz/manager/fizz.go:28.69,33.36 3 0
github.com/arckadious/fizzbuzz/manager/fizz.go:50.2,52.42 2 0
github.com/arckadious/fizzbuzz/manager/fizz.go:33.36,35.44 2 0
github.com/arckadious/fizzbuzz/manager/fizz.go:42.3,42.17 1 0
github.com/arckadious/fizzbuzz/manager/fizz.go:35.44,36.28 1 0
github.com/arckadious/fizzbuzz/manager/fizz.go:36.28,38.5 1 0
github.com/arckadious/fizzbuzz/manager/fizz.go:42.17,44.4 1 0
github.com/arckadious/fizzbuzz/manager/fizz.go:44.9,46.4 1 0
github.com/arckadious/fizzbuzz/manager/fizz.go:55.56,60.16 3 0
github.com/arckadious/fizzbuzz/manager/fizz.go:69.2,71.16 3 0
github.com/arckadious/fizzbuzz/manager/fizz.go:77.2,77.80 1 0
github.com/arckadious/fizzbuzz/manager/fizz.go:60.16,61.13 1 0
github.com/arckadious/fizzbuzz/manager/fizz.go:65.3,66.9 2 0
github.com/arckadious/fizzbuzz/manager/fizz.go:61.13,64.4 2 0
github.com/arckadious/fizzbuzz/manager/fizz.go:71.16,74.3 2 0
github.com/arckadious/fizzbuzz/config/config.go:35.51,42.16 4 1
github.com/arckadious/fizzbuzz/config/config.go:46.2,51.12 4 1
github.com/arckadious/fizzbuzz/config/config.go:42.16,44.3 1 0
github.com/arckadious/fizzbuzz/config/config.go:54.39,57.2 1 0
github.com/arckadious/fizzbuzz/config/config.go:59.43,60.22 1 1
github.com/arckadious/fizzbuzz/config/config.go:60.22,62.3 1 0
github.com/arckadious/fizzbuzz/config/config.go:66.65,70.16 3 1
github.com/arckadious/fizzbuzz/config/config.go:73.2,76.16 3 1
github.com/arckadious/fizzbuzz/config/config.go:81.2,82.16 2 1
github.com/arckadious/fizzbuzz/config/config.go:85.2,89.16 3 1
github.com/arckadious/fizzbuzz/config/config.go:96.2,104.26 2 1
github.com/arckadious/fizzbuzz/config/config.go:115.2,115.44 1 1
github.com/arckadious/fizzbuzz/config/config.go:119.2,119.11 1 1
github.com/arckadious/fizzbuzz/config/config.go:70.16,72.3 1 0
github.com/arckadious/fizzbuzz/config/config.go:76.16,78.3 1 0
github.com/arckadious/fizzbuzz/config/config.go:82.16,84.3 1 0
github.com/arckadious/fizzbuzz/config/config.go:89.16,91.3 1 1
github.com/arckadious/fizzbuzz/config/config.go:91.8,93.3 1 0
github.com/arckadious/fizzbuzz/config/config.go:104.26,106.3 1 0
github.com/arckadious/fizzbuzz/config/config.go:106.8,108.17 2 1
github.com/arckadious/fizzbuzz/config/config.go:111.3,111.24 1 1
github.com/arckadious/fizzbuzz/config/config.go:108.17,110.4 1 0
github.com/arckadious/fizzbuzz/config/config.go:115.44,117.3 1 0
github.com/arckadious/fizzbuzz/action/fizz/fizz.go:16.51,18.2 1 0
github.com/arckadious/fizzbuzz/action/fizz/fizz.go:20.74,28.16 5 0
github.com/arckadious/fizzbuzz/action/fizz/fizz.go:34.2,34.60 1 0
github.com/arckadious/fizzbuzz/action/fizz/fizz.go:39.2,39.29 1 0
github.com/arckadious/fizzbuzz/action/fizz/fizz.go:28.16,31.3 2 0
github.com/arckadious/fizzbuzz/action/fizz/fizz.go:34.60,37.3 2 0
github.com/arckadious/fizzbuzz/action/fizz/fizz.go:43.80,45.2 1 0
github.com/arckadious/fizzbuzz/container/container.go:28.73,38.2 4 0
github.com/arckadious/fizzbuzz/container/container.go:41.45,58.2 5 0
github.com/arckadious/fizzbuzz/container/container.go:60.39,63.2 2 0
github.com/arckadious/fizzbuzz/server/server.go:37.53,40.2 2 0
github.com/arckadious/fizzbuzz/server/server.go:48.46,52.2 1 0
github.com/arckadious/fizzbuzz/server/server.go:55.24,72.12 3 0
github.com/arckadious/fizzbuzz/server/server.go:79.2,92.32 8 0
github.com/arckadious/fizzbuzz/server/server.go:72.12,73.80 1 0
github.com/arckadious/fizzbuzz/server/server.go:73.80,75.4 1 0
github.com/arckadious/fizzbuzz/server/server.go:95.40,100.41 3 0
github.com/arckadious/fizzbuzz/server/server.go:104.2,104.70 1 0
github.com/arckadious/fizzbuzz/server/server.go:108.2,108.54 1 0
github.com/arckadious/fizzbuzz/server/server.go:111.2,111.55 1 0
github.com/arckadious/fizzbuzz/server/server.go:116.2,122.49 4 0
github.com/arckadious/fizzbuzz/server/server.go:127.2,130.48 2 0
github.com/arckadious/fizzbuzz/server/server.go:133.2,133.53 1 0
github.com/arckadious/fizzbuzz/server/server.go:137.2,137.15 1 0
github.com/arckadious/fizzbuzz/server/server.go:100.41,102.3 1 0
github.com/arckadious/fizzbuzz/server/server.go:104.70,107.3 2 0
github.com/arckadious/fizzbuzz/server/server.go:108.54,110.3 1 0
github.com/arckadious/fizzbuzz/server/server.go:111.55,113.3 1 0
github.com/arckadious/fizzbuzz/server/server.go:122.49,124.3 1 0
github.com/arckadious/fizzbuzz/server/server.go:130.48,132.3 1 0
github.com/arckadious/fizzbuzz/server/server.go:133.53,135.3 1 0
github.com/arckadious/fizzbuzz/server/server.go:142.74,151.2 5 0
github.com/arckadious/fizzbuzz/server/server.go:154.79,165.2 6 0
github.com/arckadious/fizzbuzz/server/server.go:168.82,177.2 5 0
github.com/arckadious/fizzbuzz/server/server.go:180.43,181.30 1 0
github.com/arckadious/fizzbuzz/server/server.go:181.30,187.17 3 0
github.com/arckadious/fizzbuzz/server/server.go:193.3,195.150 3 0
github.com/arckadious/fizzbuzz/server/server.go:199.3,207.115 5 0
github.com/arckadious/fizzbuzz/server/server.go:187.17,190.4 2 0
github.com/arckadious/fizzbuzz/server/server.go:195.150,197.4 1 0
